\BOOKMARK [1][-]{section.1}{Introduction}{}% 1
\BOOKMARK [1][-]{section.2}{Surface flux parameterization}{}% 2
\BOOKMARK [1][-]{section.3}{EDMF closure}{}% 3
\BOOKMARK [2][-]{subsection.3.1}{Eddy-diffusivity models}{section.3}% 4
\BOOKMARK [3][-]{subsubsection.3.1.1}{Teixeira TKE closure}{subsection.3.1}% 5
\BOOKMARK [3][-]{subsubsection.3.1.2}{Witek TKE closure}{subsection.3.1}% 6
\BOOKMARK [3][-]{subsubsection.3.1.3}{Emerging reference TKE closure}{subsection.3.1}% 7
\BOOKMARK [2][-]{subsection.3.2}{Multiplume model}{section.3}% 8
\BOOKMARK [3][-]{subsubsection.3.2.1}{Description}{subsection.3.2}% 9
\BOOKMARK [3][-]{subsubsection.3.2.2}{Emerging reference MF closure}{subsection.3.2}% 10
\BOOKMARK [3][-]{subsubsection.3.2.3}{Discretization}{subsection.3.2}% 11
\BOOKMARK [1][-]{section.4}{Solving for the tendencies}{}% 12
\BOOKMARK [2][-]{subsection.4.1}{EDMF equation}{section.4}% 13
\BOOKMARK [2][-]{subsection.4.2}{TKE equation}{section.4}% 14
\BOOKMARK [1][-]{section.5}{Design strategy}{}% 15
\BOOKMARK [2][-]{subsection.5.1}{1\) Get surface fluxes}{section.5}% 16
\BOOKMARK [2][-]{subsection.5.2}{2\) Run PDF condensation scheme }{section.5}% 17
\BOOKMARK [2][-]{subsection.5.3}{3\) Run plume model}{section.5}% 18
\BOOKMARK [2][-]{subsection.5.4}{4\) Evaluate mixing length and eddy diffusivities }{section.5}% 19
\BOOKMARK [2][-]{subsection.5.5}{5\) Advection}{section.5}% 20
\BOOKMARK [2][-]{subsection.5.6}{6\) Implicit solve for mixing tendencies}{section.5}% 21
\BOOKMARK [2][-]{subsection.5.7}{5\) Grid-scale microphysics and all-or-nothing adjustment}{section.5}% 22
\BOOKMARK [2][-]{subsection.5.8}{6\) Radiation}{section.5}% 23
